
<dict>
	cocos2d.x.version: 2.2.1
	cocos2d.x.compiled_with_profiler: false
	cocos2d.x.compiled_with_gl_state_cache: true
	gl.vendor: Intel
	gl.renderer: Intel(R) HD Graphics Family
	gl.version: 3.1.0 - Build 8.15.10.2827
	gl.max_texture_size: 8192
	gl.max_texture_units: 16
	gl.supports_PVRTC: false
	gl.supports_NPOT: true
	gl.supports_BGRA8888: false
	gl.supports_discard_framebuffer: false
	gl.supports_vertex_array_object: true
</dict>
lua_loadChunksFromZIP() - load zip file: E:\cocos2d-x+lua\lua\item\engin\git\devel\quick-cocos2d-x\lib\framework_precompiled\framework_precompiled.zip*
lua_loadChunksFromZIP() - loaded chunks count: 54
lua_loadChunksFromZIP() - load zip file: E:\cocos2d-x+lua\lua\item\engin\git\devel\quick-cocos2d-x\lib\framework_precompiled\game.zip*
lua_loadChunksFromZIP() - loaded chunks count: 54
LuaJIT status is ON
[0.2741] [INFO] 
[0.2745] [INFO] # DEBUG                        = 2
[0.2753] [INFO] #
[0.2763] [INFO] # device.platform              = windows
[0.2767] [INFO] # device.model                 = unknown
[0.2774] [INFO] # device.language              = cn
[0.2781] [INFO] # device.writablePath          = F:\workspace\lua\test\proj.win32\Debug\
[0.2792] [INFO] # device.cachePath             = F:\workspace\lua\test\proj.win32\Debug\
[0.2809] [INFO] # device.directorySeparator    = \
[0.2819] [INFO] # device.pathSeparator         = ;
[0.2825] [INFO] #
[0.2851] [INFO] # CONFIG_SCREEN_AUTOSCALE      = FIXED_HEIGHT
[0.2857] [INFO] # CONFIG_SCREEN_WIDTH          = 960.00
[0.2864] [INFO] # CONFIG_SCREEN_HEIGHT         = 640.00
[0.2870] [INFO] # display.widthInPixels        = 960.00
[0.2877] [INFO] # display.heightInPixels       = 640.00
[0.2883] [INFO] # display.contentScaleFactor   = 1.00
[0.2890] [INFO] # display.width                = 960.00
[0.2895] [INFO] # display.height               = 640.00
[0.2902] [INFO] # display.cx                   = 480.00
[0.2908] [INFO] # display.cy                   = 320.00
[0.2916] [INFO] # display.left                 = 0.00
[0.2922] [INFO] # display.right                = 960.00
[0.2929] [INFO] # display.top                  = 640.00
[0.2935] [INFO] # display.bottom               = 0.00
[0.2941] [INFO] # display.c_left               = -480.00
[0.2947] [INFO] # display.c_right              = 480.00
[0.2953] [INFO] # display.c_top                = 320.00
[0.2958] [INFO] # display.c_bottom             = -320.00
[0.2973] [INFO] #
Get data from file(SheetMapBattle.png) failed!
cocos2d: CCSpriteFrameCache: couldn't load texture file. File not found SheetMapBattle.png
Get data from file(SheetEditor.png) failed!
cocos2d: CCSpriteFrameCache: couldn't load texture file. File not found SheetEditor.png
Get data from file(MapA0001Bg.png) failed!
[0.3072] [ERR] display.newSprite() - create sprite failure, filename MapA0001Bg.png
[0.3081] 
stack traceback:
	[string "framework.display"]: in function 'newSprite'
	[string "app.map.Map"]: in function 'createView'
	[string "editor.EditorScene"]: in function 'ctor'
	[string "framework.functions"]: in function 'new'
	[string "game"]: in main chunk
	[C]: in function 'require'
	[string "main"]: in main chunk
	[C]: in function 'require'
	[string ""]:1: in main chunk
[LUA ERROR] [string "app.map.Map"]:0: attempt to call method 'align' (a nil value)
==
------------------------------------------------
LOAD LUA FILE: scripts/main.lua
------------------------------------------------
